# JRE version: Java(TM) SE Runtime Environment (8.0_181-b13) (build 1.8.0_181-b13)
# Java VM: Java HotSpot(TM) 64-Bit Server VM (25.181-b13 mixed mode windows-amd64 compressed oops)
Heap:
 PSYoungGen      total 296960K, used 68190K [0x00000000d5d80000, 0x00000000eff80000, 0x0000000100000000)
  eden space 251392K, 27% used [0x00000000d5d80000,0x00000000da0179b8,0x00000000e5300000)
  from space 45568K, 0% used [0x00000000e5300000,0x00000000e5300000,0x00000000e7f80000)
  to   space 45056K, 0% used [0x00000000ed380000,0x00000000ed380000,0x00000000eff80000)
 ParOldGen       total 141312K, used 27779K [0x0000000081800000, 0x000000008a200000, 0x00000000d5d80000)
  object space 141312K, 19% used [0x0000000081800000,0x0000000083320f58,0x000000008a200000)
 Metaspace       used 51919K, capacity 52716K, committed 52864K, reserved 1095680K
  class space    used 6301K, capacity 6516K, committed 6528K, reserved 1048576K
GC Heap History (10 events):
Event: 12.513 GC heap before
{Heap before GC invocations=10 (full 1):
 PSYoungGen      total 209408K, used 209404K [0x00000000d5d80000, 0x00000000e6480000, 0x0000000100000000)
  eden space 192512K, 100% used [0x00000000d5d80000,0x00000000e1980000,0x00000000e1980000)
  from space 16896K, 99% used [0x00000000e3680000,0x00000000e46ff0a8,0x00000000e4700000)
  to   space 29696K, 0% used [0x00000000e1980000,0x00000000e1980000,0x00000000e3680000)
 ParOldGen       total 64000K, used 44956K [0x0000000081800000, 0x0000000085680000, 0x00000000d5d80000)
  object space 64000K, 70% used [0x0000000081800000,0x00000000843e7188,0x0000000085680000)
 Metaspace       used 26785K, capacity 27270K, committed 27648K, reserved 1073152K
  class space    used 3086K, capacity 3230K, committed 3328K, reserved 1048576K
Event: 12.614 GC heap after
Heap after GC invocations=10 (full 1):
 PSYoungGen      total 222208K, used 29672K [0x00000000d5d80000, 0x00000000ebc00000, 0x0000000100000000)
  eden space 192512K, 0% used [0x00000000d5d80000,0x00000000d5d80000,0x00000000e1980000)
  from space 29696K, 99% used [0x00000000e1980000,0x00000000e367a320,0x00000000e3680000)
  to   space 47616K, 0% used [0x00000000e8d80000,0x00000000e8d80000,0x00000000ebc00000)
 ParOldGen       total 77312K, used 76864K [0x0000000081800000, 0x0000000086380000, 0x00000000d5d80000)
  object space 77312K, 99% used [0x0000000081800000,0x0000000086310398,0x0000000086380000)
 Metaspace       used 26785K, capacity 27270K, committed 27648K, reserved 1073152K
  class space    used 3086K, capacity 3230K, committed 3328K, reserved 1048576K
}
Event: 12.614 GC heap before
{Heap before GC invocations=11 (full 2):
 PSYoungGen      total 222208K, used 29672K [0x00000000d5d80000, 0x00000000ebc00000, 0x0000000100000000)
  eden space 192512K, 0% used [0x00000000d5d80000,0x00000000d5d80000,0x00000000e1980000)
  from space 29696K, 99% used [0x00000000e1980000,0x00000000e367a320,0x00000000e3680000)
  to   space 47616K, 0% used [0x00000000e8d80000,0x00000000e8d80000,0x00000000ebc00000)
 ParOldGen       total 77312K, used 76864K [0x0000000081800000, 0x0000000086380000, 0x00000000d5d80000)
  object space 77312K, 99% used [0x0000000081800000,0x0000000086310398,0x0000000086380000)
 Metaspace       used 26785K, capacity 27270K, committed 27648K, reserved 1073152K
  class space    used 3086K, capacity 3230K, committed 3328K, reserved 1048576K
Event: 12.810 GC heap after
Heap after GC invocations=11 (full 2):
 PSYoungGen      total 222208K, used 961K [0x00000000d5d80000, 0x00000000ebc00000, 0x0000000100000000)
  eden space 192512K, 0% used [0x00000000d5d80000,0x00000000d5d80000,0x00000000e1980000)
  from space 29696K, 3% used [0x00000000e1980000,0x00000000e1a706c8,0x00000000e3680000)
  to   space 47616K, 0% used [0x00000000e8d80000,0x00000000e8d80000,0x00000000ebc00000)
 ParOldGen       total 171520K, used 77092K [0x0000000081800000, 0x000000008bf80000, 0x00000000d5d80000)
  object space 171520K, 44% used [0x0000000081800000,0x00000000863491e8,0x000000008bf80000)
 Metaspace       used 26785K, capacity 27270K, committed 27648K, reserved 1073152K
  class space    used 3086K, capacity 3230K, committed 3328K, reserved 1048576K
}
Event: 16.549 GC heap before
{Heap before GC invocations=12 (full 2):
 PSYoungGen      total 222208K, used 193473K [0x00000000d5d80000, 0x00000000ebc00000, 0x0000000100000000)
  eden space 192512K, 100% used [0x00000000d5d80000,0x00000000e1980000,0x00000000e1980000)
  from space 29696K, 3% used [0x00000000e1980000,0x00000000e1a706c8,0x00000000e3680000)
  to   space 47616K, 0% used [0x00000000e8d80000,0x00000000e8d80000,0x00000000ebc00000)
 ParOldGen       total 171520K, used 77092K [0x0000000081800000, 0x000000008bf80000, 0x00000000d5d80000)
  object space 171520K, 44% used [0x0000000081800000,0x00000000863491e8,0x000000008bf80000)
 Metaspace       used 44528K, capacity 45310K, committed 45568K, reserved 1089536K
  class space    used 5411K, capacity 5627K, committed 5632K, reserved 1048576K
Event: 16.579 GC heap after
Heap after GC invocations=12 (full 2):
 PSYoungGen      total 282624K, used 21317K [0x00000000d5d80000, 0x00000000eac00000, 0x0000000100000000)
  eden space 251392K, 0% used [0x00000000d5d80000,0x00000000d5d80000,0x00000000e5300000)
  from space 31232K, 68% used [0x00000000e8d80000,0x00000000ea2515c8,0x00000000eac00000)
  to   space 45568K, 0% used [0x00000000e5300000,0x00000000e5300000,0x00000000e7f80000)
 ParOldGen       total 171520K, used 77108K [0x0000000081800000, 0x000000008bf80000, 0x00000000d5d80000)
  object space 171520K, 44% used [0x0000000081800000,0x000000008634d1e8,0x000000008bf80000)
 Metaspace       used 44528K, capacity 45310K, committed 45568K, reserved 1089536K
  class space    used 5411K, capacity 5627K, committed 5632K, reserved 1048576K
}
Event: 16.798 GC heap before
{Heap before GC invocations=13 (full 2):
 PSYoungGen      total 282624K, used 37912K [0x00000000d5d80000, 0x00000000eac00000, 0x0000000100000000)
  eden space 251392K, 6% used [0x00000000d5d80000,0x00000000d6db4b40,0x00000000e5300000)
  from space 31232K, 68% used [0x00000000e8d80000,0x00000000ea2515c8,0x00000000eac00000)
  to   space 45568K, 0% used [0x00000000e5300000,0x00000000e5300000,0x00000000e7f80000)
 ParOldGen       total 171520K, used 77108K [0x0000000081800000, 0x000000008bf80000, 0x00000000d5d80000)
  object space 171520K, 44% used [0x0000000081800000,0x000000008634d1e8,0x000000008bf80000)
 Metaspace       used 45195K, capacity 45974K, committed 46080K, reserved 1089536K
  class space    used 5501K, capacity 5743K, committed 5760K, reserved 1048576K
Event: 16.810 GC heap after
Heap after GC invocations=13 (full 2):
 PSYoungGen      total 296960K, used 6219K [0x00000000d5d80000, 0x00000000eff80000, 0x0000000100000000)
  eden space 251392K, 0% used [0x00000000d5d80000,0x00000000d5d80000,0x00000000e5300000)
  from space 45568K, 13% used [0x00000000e5300000,0x00000000e5912c60,0x00000000e7f80000)
  to   space 45056K, 0% used [0x00000000ed380000,0x00000000ed380000,0x00000000eff80000)
 ParOldGen       total 171520K, used 77949K [0x0000000081800000, 0x000000008bf80000, 0x00000000d5d80000)
  object space 171520K, 45% used [0x0000000081800000,0x000000008641f548,0x000000008bf80000)
 Metaspace       used 45195K, capacity 45974K, committed 46080K, reserved 1089536K
  class space    used 5501K, capacity 5743K, committed 5760K, reserved 1048576K
}
Event: 16.810 GC heap before
{Heap before GC invocations=14 (full 3):
 PSYoungGen      total 296960K, used 6219K [0x00000000d5d80000, 0x00000000eff80000, 0x0000000100000000)
  eden space 251392K, 0% used [0x00000000d5d80000,0x00000000d5d80000,0x00000000e5300000)
  from space 45568K, 13% used [0x00000000e5300000,0x00000000e5912c60,0x00000000e7f80000)
  to   space 45056K, 0% used [0x00000000ed380000,0x00000000ed380000,0x00000000eff80000)
 ParOldGen       total 171520K, used 77949K [0x0000000081800000, 0x000000008bf80000, 0x00000000d5d80000)
  object space 171520K, 45% used [0x0000000081800000,0x000000008641f548,0x000000008bf80000)
 Metaspace       used 45195K, capacity 45974K, committed 46080K, reserved 1089536K
  class space    used 5501K, capacity 5743K, committed 5760K, reserved 1048576K
Event: 16.960 GC heap after
Heap after GC invocations=14 (full 3):
 PSYoungGen      total 296960K, used 0K [0x00000000d5d80000, 0x00000000eff80000, 0x0000000100000000)
  eden space 251392K, 0% used [0x00000000d5d80000,0x00000000d5d80000,0x00000000e5300000)
  from space 45568K, 0% used [0x00000000e5300000,0x00000000e5300000,0x00000000e7f80000)
  to   space 45056K, 0% used [0x00000000ed380000,0x00000000ed380000,0x00000000eff80000)
 ParOldGen       total 141312K, used 27779K [0x0000000081800000, 0x000000008a200000, 0x00000000d5d80000)
  object space 141312K, 19% used [0x0000000081800000,0x0000000083320f58,0x000000008a200000)
 Metaspace       used 45195K, capacity 45974K, committed 46080K, reserved 1089536K
  class space    used 5501K, capacity 5743K, committed 5760K, reserved 1048576K
}

